2026-02-05 22:58:28,416 - INFO - Получаем список регионов РФ...
2026-02-05 22:58:28,772 - INFO - Найдено 86 регионов
2026-02-05 22:58:28,964 - INFO - найдено 13 муниципалитетов
2026-02-05 22:58:29,648 - INFO - найдено 21 муниципалитетов
2026-02-05 22:58:30,345 - INFO - найдено 24 муниципалитетов
2026-02-05 22:58:30,998 - INFO - найдено 1 муниципалитетов
2026-02-05 22:58:31,678 - INFO - найдено 6 муниципалитетов
2026-02-05 22:58:32,372 - INFO - найдено 35 муниципалитетов
2026-02-05 22:58:33,060 - INFO - найдено 24 муниципалитетов
2026-02-05 22:58:33,724 - INFO - найдено 17 муниципалитетов
2026-02-05 22:58:34,418 - INFO - найдено 13 муниципалитетов
2026-02-05 22:58:35,079 - INFO - найдено 30 муниципалитетов
2026-02-05 22:58:35,755 - INFO - найдено 19 муниципалитетов
2026-02-05 22:58:36,483 - INFO - найдено 45 муниципалитетов
2026-02-05 22:58:37,137 - INFO - найдено 12 муниципалитетов
2026-02-05 22:58:37,775 - INFO - найдено 9 муниципалитетов
2026-02-05 22:58:38,451 - INFO - найдено 11 муниципалитетов
2026-02-05 22:58:39,130 - INFO - найдено 12 муниципалитетов
2026-02-05 22:58:39,823 - INFO - найдено 51 муниципалитетов
2026-02-05 22:58:40,519 - INFO - найдено 23 муниципалитетов
2026-02-05 22:58:41,196 - INFO - найдено 23 муниципалитетов
2026-02-05 22:58:41,865 - INFO - найдено 16 муниципалитетов
2026-02-05 22:58:42,523 - INFO - найдено 20 муниципалитетов
2026-02-05 22:58:43,200 - INFO - найдено 18 муниципалитетов
2026-02-05 22:58:43,856 - INFO - найдено 14 муниципалитетов
2026-02-05 22:58:44,616 - INFO - найдено 63 муниципалитетов
2026-02-05 22:58:45,255 - INFO - найдено 9 муниципалитетов
2026-02-05 22:58:45,957 - INFO - найдено 20 муниципалитетов
2026-02-05 22:58:46,608 - INFO - найдено 7 муниципалитетов
2026-02-05 22:58:47,301 - INFO - найдено 33 муниципалитетов
2026-02-05 22:58:47,989 - INFO - найдено 42 муниципалитетов
2026-02-05 22:58:48,696 - INFO - найдено 24 муниципалитетов
2026-02-05 22:58:49,362 - INFO - найдено 24 муниципалитетов
2026-02-05 22:58:50,028 - INFO - найдено 20 муниципалитетов
2026-02-05 22:58:50,699 - INFO - найдено 27 муниципалитетов
2026-02-05 22:58:51,402 - INFO - найдено 27 муниципалитетов
2026-02-05 22:58:52,108 - INFO - найдено 60 муниципалитетов
2026-02-05 22:58:52,799 - INFO - найдено 18 муниципалитетов
2026-02-05 22:58:53,488 - INFO - найдено 41 муниципалитетов
2026-02-05 22:58:54,167 - INFO - найдено 26 муниципалитетов
2026-02-05 22:58:54,865 - INFO - найдено 54 муниципалитетов
2026-02-05 22:58:55,534 - INFO - найдено 26 муниципалитетов
2026-02-05 22:58:56,292 - INFO - найдено 45 муниципалитетов
2026-02-05 22:58:56,947 - INFO - найдено 30 муниципалитетов
2026-02-05 22:58:57,660 - INFO - найдено 25 муниципалитетов
2026-02-05 22:58:58,376 - INFO - найдено 43 муниципалитетов
2026-02-05 22:58:59,090 - INFO - найдено 33 муниципалитетов
2026-02-05 22:58:59,752 - INFO - найдено 34 муниципалитетов
2026-02-05 22:59:00,472 - INFO - найдено 22 муниципалитетов
2026-02-05 22:59:01,188 - INFO - найдено 17 муниципалитетов
2026-02-05 22:59:01,887 - INFO - найдено 71 муниципалитетов
2026-02-05 22:59:02,665 - INFO - найдено 147 муниципалитетов
2026-02-05 22:59:03,346 - INFO - найдено 9 муниципалитетов
2026-02-05 22:59:04,012 - INFO - найдено 20 муниципалитетов
2026-02-05 22:59:04,679 - INFO - найдено 18 муниципалитетов
2026-02-05 22:59:05,321 - INFO - найдено 18 муниципалитетов
2026-02-05 22:59:06,015 - INFO - найдено 29 муниципалитетов
2026-02-05 22:59:06,698 - INFO - найдено 26 муниципалитетов
2026-02-05 22:59:07,398 - INFO - найдено 33 муниципалитетов
2026-02-05 22:59:08,084 - INFO - найдено 26 муниципалитетов
2026-02-05 22:59:08,770 - INFO - найдено 40 муниципалитетов
2026-02-05 22:59:09,473 - INFO - найдено 31 муниципалитетов
2026-02-05 22:59:10,157 - INFO - найдено 13 муниципалитетов
2026-02-05 22:59:10,844 - INFO - найдено 26 муниципалитетов
2026-02-05 22:59:11,557 - INFO - найдено 39 муниципалитетов
2026-02-05 22:59:12,280 - INFO - найдено 20 муниципалитетов
2026-02-05 22:59:12,927 - INFO - найдено 7 муниципалитетов
2026-02-05 22:59:13,615 - INFO - найдено 38 муниципалитетов
2026-02-05 22:59:14,297 - INFO - найдено 23 муниципалитетов
2026-02-05 22:59:14,978 - INFO - найдено 52 муниципалитетов
2026-02-05 22:59:15,695 - INFO - найдено 34 муниципалитетов
2026-02-05 22:59:16,383 - INFO - найдено 28 муниципалитетов
2026-02-05 22:59:17,081 - INFO - найдено 35 муниципалитетов
2026-02-05 22:59:17,742 - INFO - найдено 21 муниципалитетов
2026-02-05 22:59:18,443 - INFO - найдено 29 муниципалитетов
2026-02-05 22:59:19,101 - INFO - найдено 22 муниципалитетов
2026-02-05 22:59:19,815 - INFO - найдено 13 муниципалитетов
2026-02-05 22:59:20,527 - INFO - найдено 26 муниципалитетов
2026-02-05 22:59:21,225 - INFO - найдено 23 муниципалитетов
2026-02-05 22:59:21,943 - INFO - найдено 19 муниципалитетов
2026-02-05 22:59:22,593 - INFO - найдено 33 муниципалитетов
2026-02-05 22:59:23,296 - INFO - найдено 33 муниципалитетов
2026-02-05 22:59:24,076 - INFO - найдено 58 муниципалитетов
2026-02-05 22:59:24,765 - INFO - найдено 44 муниципалитетов
2026-02-05 22:59:25,478 - INFO - найдено 68 муниципалитетов
2026-02-05 22:59:26,125 - INFO - найдено 22 муниципалитетов
2026-02-05 22:59:26,759 - INFO - найдено 2 муниципалитетов
2026-02-05 22:59:27,398 - INFO - найдено 1 муниципалитетов
2026-02-05 22:59:27,457 - INFO - Файл: regions_all.json
2026-02-05 22:59:27,457 - INFO - Регионов: 86
2026-02-05 22:59:27,457 - INFO - Всего муниципалитетов: 2424
